<?xml version="1.0" encoding="UTF-8"?>
<!-- Generated by org.testng.reporters.JUnitXMLReporter -->
<testsuite hostname="Administrators-MacBook-Pro-9.local" ignored="0" name="Login and Update Profile Test" tests="1" failures="1" timestamp="11 Apr 2018 13:09:01 GMT" time="17.168" errors="0">
  <testcase name="feature" time="16.907" classname="MyRunner.TestRunner">
    <failure type="cucumber.runtime.CucumberException" message="java.lang.AssertionError: expected [Free CRM in the cloud software boosts sales] but found [#1 Free CRM for Any Business: Online Customer Relationship Software]">
      <![CDATA[cucumber.runtime.CucumberException: java.lang.AssertionError: expected [Free CRM in the cloud software boosts sales] but found [#1 Free CRM for Any Business: Online Customer Relationship Software]
at cucumber.api.testng.TestNGCucumberRunner.runCucumber(TestNGCucumberRunner.java:69)
at MyRunner.TestRunner.feature(TestRunner.java:34)
at java.util.concurrent.FutureTask.run(FutureTask.java:266)
at java.util.concurrent.ThreadPoolExecutor.runWorker(ThreadPoolExecutor.java:1149)
at java.util.concurrent.ThreadPoolExecutor$Worker.run(ThreadPoolExecutor.java:624)
at java.lang.Thread.run(Thread.java:748)
Caused by: java.lang.AssertionError: expected [Free CRM in the cloud software boosts sales] but found [#1 Free CRM for Any Business: Online Customer Relationship Software]
at stepDefinitions.LoginStepDefinition.title_of_login_page_is_free_CRM(LoginStepDefinition.java:32)
at âœ½.When title of login page is Free CRM(login.feature:18)
... Removed 22 stack frames]]>
    </failure>
  </testcase> <!-- feature -->
</testsuite> <!-- Login and Update Profile Test -->
